<?xml version="1.0" encoding="UTF-8"?>
<testng-results ignored="0" total="1" passed="1" failed="0" skipped="0">
  <reporter-output>
  </reporter-output>
  <suite started-at="2022-12-26T21:00:22 CST" name="Suite" finished-at="2022-12-26T21:00:29 CST" duration-ms="7289">
    <groups>
    </groups>
    <test started-at="2022-12-26T21:00:22 CST" name="Test" finished-at="2022-12-26T21:00:29 CST" duration-ms="7289">
      <class name="TakescreenShot.screenSave">
        <test-method is-config="true" signature="setup()[pri:0, instance:TakescreenShot.screenSave@47eaca72]" started-at="2022-12-26T21:00:22 CST" name="setup" finished-at="2022-12-26T21:00:25 CST" duration-ms="2933" status="PASS">
          <reporter-output>
          </reporter-output>
        </test-method> <!-- setup -->
        <test-method signature="testCase1()[pri:0, instance:TakescreenShot.screenSave@47eaca72]" started-at="2022-12-26T21:00:25 CST" name="testCase1" finished-at="2022-12-26T21:00:29 CST" duration-ms="4301" status="PASS">
          <reporter-output>
          </reporter-output>
        </test-method> <!-- testCase1 -->
      </class> <!-- TakescreenShot.screenSave -->
    </test> <!-- Test -->
  </suite> <!-- Suite -->
</testng-results>
